<?xml version="1.0" encoding="UTF-8"?>
<!-- Generated by org.testng.reporters.JUnitReportReporter -->
<testsuite hostname="DESKTOP-DE847P9" failures="0" tests="1" name="TestFb.Testing" time="0.010" errors="0" timestamp="2024-04-25T11:57:01 IST" skipped="0">
  <testcase classname="TestFb.Testing" name="test123" time="0.010"/>
  <system-out/>
</testsuite> <!-- TestFb.Testing -->
